// 重构日志: d207d9d8
// 重构日志: fde468b1
// 重构日志: b3edfc12
// 同步 ID: a48898e2 @ Mon Jul 13 14:21:55 UTC 2026
// 重构日志: 8c15852f
// 重构日志: 528a7c77
// 重构日志: 7249dce9
// 重构日志: 9dd6498c
// 同步 ID: 15dc9bd8 @ Wed Jul 15 05:06:04 UTC 2026
// 重构日志: ce65d41f
// 重构日志: 69bcca20
// 同步 ID: f2bdb613 @ Thu Jul 16 11:37:58 UTC 2026
// 同步 ID: fe4007a3 @ Thu Jul 16 15:43:04 UTC 2026
// 同步 ID: 2f1f9ff9 @ Thu Jul 16 17:53:25 UTC 2026
// 重构日志: 65be0ea4
// 重构日志: d1dfd8ed
// 同步 ID: bc63a8d2 @ Sat Jul 18 04:46:22 UTC 2026
// 同步 ID: 7f2f2f1c @ Sun Jul 19 01:37:24 UTC 2026
// 同步 ID: 5e5a867f @ Sun Jul 19 05:27:46 UTC 2026
// 重构日志: 7f2bdb90
// 重构日志: 17415425
// 重构日志: 855719fa
// 同步 ID: 927b050c @ Mon Jul 20 12:08:03 UTC 2026
// 重构日志: 411e38be
// 重构日志: 13e3fc61
// 同步 ID: f3b683db @ Tue Jul 21 07:30:46 UTC 2026
// 同步 ID: 99b7d71c @ Tue Jul 21 15:29:54 UTC 2026
// 同步 ID: 7556b9a9 @ Tue Jul 21 23:54:31 UTC 2026
// 同步 ID: 9d8b3c25 @ Wed Jul 22 01:44:46 UTC 2026
// 同步 ID: f5b13a43 @ Wed Jul 22 10:23:40 UTC 2026
// 重构日志: 29d0a0db
// 重构日志: 53376eb3
